<?xml version="1.0" encoding="UTF-8"?>
<!-- Generated by org.testng.reporters.JUnitReportReporter -->
<testsuite hostname="LAPTOP-E5G724SI" failures="0" tests="1" name="script.Test1" time="4.005" errors="0" timestamp="2023-06-22T22:16:46 CDT" skipped="0">
  <testcase classname="script.Test1" name="test1" time="4.005">
    <system-out>
      <![CDATA[bhanu
test1...]]>
    </system-out>
  </testcase> <!-- test1 -->
  <system-out>
    <![CDATA[bhanu
test1...]]>
  </system-out>
</testsuite> <!-- script.Test1 -->
